<?xml version="1.0" encoding="UTF-8"?>
<testng-results ignored="0" total="1" passed="1" failed="0" skipped="0">
  <reporter-output>
  </reporter-output>
  <suite started-at="2022-12-14T07:24:43 IST" name="Default suite" finished-at="2022-12-14T07:25:49 IST" duration-ms="65477">
    <groups>
    </groups>
    <test started-at="2022-12-14T07:24:43 IST" name="Default test" finished-at="2022-12-14T07:25:49 IST" duration-ms="65477">
      <class name="com.swiggymobiletest.BasePage">
        <test-method signature="swiggyApplication()[pri:0, instance:com.swiggymobiletest.BasePage@3c419631]" started-at="2022-12-14T07:24:43 IST" name="swiggyApplication" finished-at="2022-12-14T07:25:49 IST" duration-ms="65446" status="PASS">
          <reporter-output>
          </reporter-output>
        </test-method> <!-- swiggyApplication -->
      </class> <!-- com.swiggymobiletest.BasePage -->
    </test> <!-- Default test -->
  </suite> <!-- Default suite -->
</testng-results>
